<?xml version="1.0" encoding="UTF-8"?>
<!-- Generated by org.testng.reporters.JUnitReportReporter -->
<testsuite skipped="0" hostname="DESKTOP-GS3VA9F" name="selenium.Selenium" tests="1" failures="0" timestamp="2019-12-05T18:01:34 CST" time="20.843" errors="0">
  <testcase name="test" time="20.843" classname="selenium.Selenium"/>
</testsuite> <!-- selenium.Selenium -->
