<?xml version="1.0" encoding="UTF-8"?>
<!-- Generated by org.testng.reporters.JUnitReportReporter -->
<testsuite skipped="0" hostname="DESKTOP-GS3VA9F" name="gitHubTest.firstTest" tests="1" failures="0" timestamp="2019-12-05T18:27:40 CST" time="20.830" errors="0">
  <testcase name="test" time="20.830" classname="gitHubTest.firstTest"/>
</testsuite> <!-- gitHubTest.firstTest -->
